<?xml version="1.0" encoding="UTF-8"?>
<!-- Generated by org.testng.reporters.JUnitReportReporter -->
<testsuite hostname="LionHeart" failures="0" tests="2" name="com.qa.qualitasGlobal.flipkart.testcases.HomePageTest" time="144.861" errors="0" timestamp="05 Jan 2019 18:42:46 GMT" skipped="0">
  <testcase classname="com.qa.qualitasGlobal.flipkart.testcases.HomePageTest" name="goToMyProfile" time="84.089"/>
  <testcase classname="com.qa.qualitasGlobal.flipkart.testcases.HomePageTest" name="goToWomenClothing" time="60.772"/>
</testsuite> <!-- com.qa.qualitasGlobal.flipkart.testcases.HomePageTest -->
