<?xml version="1.0" encoding="UTF-8"?>
<!-- Generated by org.testng.reporters.JUnitReportReporter -->
<testsuite hostname="LionHeart" failures="0" tests="1" name="com.qa.qualitasGlobal.flipkart.testcases.MyProfilePageTest" time="25.698" errors="0" timestamp="06 Jan 2019 19:13:52 GMT" skipped="0">
  <testcase classname="com.qa.qualitasGlobal.flipkart.testcases.MyProfilePageTest" name="varifyMyProfilePageTitleTest" time="25.698"/>
</testsuite> <!-- com.qa.qualitasGlobal.flipkart.testcases.MyProfilePageTest -->
