<?xml version="1.0" encoding="UTF-8"?>
<!-- Generated by org.testng.reporters.JUnitReportReporter -->
<testsuite hostname="LionHeart" failures="0" tests="1" name="com.qa.qualitasGlobal.flipkart.testcases.ViewCartTest" time="62.868" errors="0" timestamp="08 Jan 2019 09:40:44 GMT" skipped="0">
  <testcase classname="com.qa.qualitasGlobal.flipkart.testcases.ViewCartTest" name="varifyAddToCartTest" time="62.868"/>
</testsuite> <!-- com.qa.qualitasGlobal.flipkart.testcases.ViewCartTest -->
