<?xml version="1.0" encoding="UTF-8"?>
<!-- Generated by org.testng.reporters.JUnitReportReporter -->
<testsuite hostname="LionHeart" failures="0" tests="1" name="com.qa.qualitasGlobal.flipkart.testcases.PopUpLoginPageTest" time="17.754" errors="0" timestamp="01 Jan 2019 21:56:50 GMT" skipped="0">
  <testcase classname="com.qa.qualitasGlobal.flipkart.testcases.PopUpLoginPageTest" name="popUpLoginTest" time="17.754"/>
</testsuite> <!-- com.qa.qualitasGlobal.flipkart.testcases.PopUpLoginPageTest -->
